Loaded 375 questions (after temporal filter)

=== ZERO-SHOT baseline (n=375, workers=15) ===
  Progress: 50/375
  Progress: 100/375
  Progress: 150/375
  Progress: 200/375
  Progress: 250/375
  Progress: 300/375
  Progress: 350/375
  [zeroshot] n=375  Brier=0.1923  Acc=0.683

=== DIRECT (no CoT) baseline (n=375, workers=15) ===
  Progress: 50/375
  Progress: 100/375
  Progress: 150/375
  Progress: 200/375
  Progress: 250/375
  Progress: 300/375
  Progress: 350/375
  [direct] n=375  Brier=0.2265  Acc=0.707

=== SELF-CONSISTENCY baseline (n=375, samples=3, workers=15) ===
  Progress: 50/375
  Progress: 100/375
  Progress: 150/375
  Progress: 200/375
  Progress: 250/375
  Progress: 300/375
  Progress: 350/375
  [self_consistency] n=375  Brier=0.2212  Acc=0.696

Done.
