\BOOKMARK [1][-]{section.1}{\376\377\000I\000n\000t\000r\000o\000d\000u\000c\000t\000i\000o\000n}{}% 1
\BOOKMARK [1][-]{section.2}{\376\377\000R\000e\000l\000a\000t\000e\000d\000\040\000W\000o\000r\000k}{}% 2
\BOOKMARK [1][-]{section.3}{\376\377\000M\000e\000t\000h\000o\000d\000o\000l\000o\000g\000y}{}% 3
\BOOKMARK [2][-]{subsection.3.1}{\376\377\000P\000r\000o\000b\000l\000e\000m\000\040\000F\000o\000r\000m\000u\000l\000a\000t\000i\000o\000n}{section.3}% 4
\BOOKMARK [2][-]{subsection.3.2}{\376\377\000T\000h\000e\000o\000r\000e\000t\000i\000c\000a\000l\000\040\000M\000o\000t\000i\000v\000a\000t\000i\000o\000n}{section.3}% 5
\BOOKMARK [2][-]{subsection.3.3}{\376\377\000T\000h\000e\000\040\000I\000n\000f\000o\000D\000e\000l\000p\000h\000i\000\040\000F\000r\000a\000m\000e\000w\000o\000r\000k}{section.3}% 6
\BOOKMARK [1][-]{section.4}{\376\377\000E\000x\000p\000e\000r\000i\000m\000e\000n\000t\000a\000l\000\040\000S\000e\000t\000u\000p}{}% 7
\BOOKMARK [1][-]{section.5}{\376\377\000M\000a\000i\000n\000\040\000R\000e\000s\000u\000l\000t\000s}{}% 8
\BOOKMARK [1][-]{section.6}{\376\377\000A\000n\000a\000l\000y\000s\000i\000s}{}% 9
\BOOKMARK [2][-]{subsection.6.1}{\376\377\000W\000h\000y\000\040\000I\000n\000f\000o\000r\000m\000a\000t\000i\000o\000n\000\040\000A\000s\000y\000m\000m\000e\000t\000r\000y\000\040\000H\000e\000l\000p\000s}{section.6}% 10
\BOOKMARK [2][-]{subsection.6.2}{\376\377\000C\000a\000l\000i\000b\000r\000a\000t\000i\000o\000n\000:\000\040\000A\000g\000g\000r\000e\000g\000a\000t\000i\000o\000n\000\040\000L\000a\000y\000e\000r\000\040\000v\000s\000.\000\040\000P\000r\000o\000m\000p\000t}{section.6}% 11
\BOOKMARK [2][-]{subsection.6.3}{\376\377\000W\000h\000a\000t\000\040\000D\000e\000l\000i\000b\000e\000r\000a\000t\000i\000o\000n\000\040\000C\000a\000n\000n\000o\000t\000\040\000F\000i\000x}{section.6}% 12
\BOOKMARK [1][-]{section.7}{\376\377\000C\000o\000n\000c\000l\000u\000s\000i\000o\000n}{}% 13
\BOOKMARK [1][-]{appendix.A}{\376\377\000D\000i\000s\000c\000u\000s\000s\000i\000o\000n}{}% 14
\BOOKMARK [1][-]{appendix.B}{\376\377\000P\000o\000l\000y\000G\000y\000m\000\040\000B\000e\000n\000c\000h\000m\000a\000r\000k\000\040\000D\000e\000t\000a\000i\000l\000s}{}% 15
\BOOKMARK [1][-]{appendix.C}{\376\377\000P\000r\000o\000o\000f\000\040\000o\000f\000\040\000P\000r\000o\000p\000o\000s\000i\000t\000i\000o\000n\000\040\0003\000.\0001}{}% 16
\BOOKMARK [1][-]{appendix.D}{\376\377\000P\000r\000o\000o\000f\000\040\000o\000f\000\040\000C\000o\000r\000o\000l\000l\000a\000r\000y\000\040\0003\000.\0001\000.\0001}{}% 17
\BOOKMARK [1][-]{appendix.E}{\376\377\000E\000x\000p\000e\000r\000i\000m\000e\000n\000t\000a\000l\000\040\000D\000e\000t\000a\000i\000l\000s}{}% 18
\BOOKMARK [2][-]{subsection.E.1}{\376\377\000B\000a\000s\000e\000l\000i\000n\000e\000\040\000D\000e\000s\000c\000r\000i\000p\000t\000i\000o\000n\000s}{appendix.E}% 19
\BOOKMARK [2][-]{subsection.E.2}{\376\377\000C\000o\000m\000p\000u\000t\000a\000t\000i\000o\000n\000a\000l\000\040\000C\000o\000s\000t}{appendix.E}% 20
\BOOKMARK [1][-]{appendix.F}{\376\377\000S\000h\000r\000i\000n\000k\000a\000g\000e\000\040\000C\000o\000n\000t\000r\000o\000l\000\040\000E\000x\000p\000e\000r\000i\000m\000e\000n\000t}{}% 21
\BOOKMARK [1][-]{appendix.G}{\376\377\000S\000i\000g\000n\000i\000f\000i\000c\000a\000n\000c\000e\000\040\000T\000e\000s\000t\000s}{}% 22
\BOOKMARK [1][-]{appendix.H}{\376\377\000P\000r\000o\000m\000p\000t\000\040\000T\000e\000m\000p\000l\000a\000t\000e\000s}{}% 23
