mktextfm ptmr8t
mktextfm pzdr
mktextfm psyr
mktextfm ptmr8t
mktextfm ptmb8t
mktextfm ptmr8t
mktextfm ptmb8t
mktextfm pcrr8t
mktextfm ptmr8t
mktextfm ptmri8t
mktextfm ptmb8t
mktextfm ptmrc8t
mktextfm ptmr8t
mktextfm ptmr8t
mktextfm ptmr8t
mktextfm pcrr8t
mktextfm ptmb8t
mktextfm ptmri8t
mktextfm ptmbi8t
mktextfm ptmrc8t
mktextfm ptmr8c
mktextfm ptmbc8t
mktextfm pcrr8t
mktextfm pcrr8t
mktextfm ptmrc8t
mktextfm ptmri8t
mktextfm ptmb8t
mktextfm ptmbc8t
mktextfm ptmr8t
mktextfm ptmbc8t
mktextfm pzdr
mktextfm pzdr
mktextfm pzdr
mktextfm pzdr
mktextfm pzdr
mktextfm pzdr
mktextfm pzdr
mktextfm pzdr
mktextfm pzdr
mktextfm pzdr
mktextfm pzdr
mktextfm pzdr
